<?xml version="1.0" encoding="UTF-8"?>
<testng-results skipped="0" failed="0" ignored="2" total="3" passed="1">
  <reporter-output>
  </reporter-output>
  <suite name="Default suite" duration-ms="74493" started-at="2020-05-20T12:47:09 BST" finished-at="2020-05-20T12:48:23 BST">
    <groups>
    </groups>
    <test name="Default test" duration-ms="74493" started-at="2020-05-20T12:47:09 BST" finished-at="2020-05-20T12:48:23 BST">
      <class name="com.bridgelabz.test.LabelServiceTest">
        <test-method status="PASS" signature="beforeMethod()[pri:0, instance:com.bridgelabz.test.LabelServiceTest@53f65459]" name="beforeMethod" is-config="true" duration-ms="13432" started-at="2020-05-20T12:47:09 BST" finished-at="2020-05-20T12:47:22 BST">
          <reporter-output>
          </reporter-output>
        </test-method> <!-- beforeMethod -->
        <test-method status="PASS" signature="deleteLabelTest()[pri:0, instance:com.bridgelabz.test.LabelServiceTest@53f65459]" name="deleteLabelTest" duration-ms="58953" started-at="2020-05-20T12:47:22 BST" finished-at="2020-05-20T12:48:21 BST">
          <reporter-output>
          </reporter-output>
        </test-method> <!-- deleteLabelTest -->
        <test-method status="PASS" signature="afterMethod()[pri:0, instance:com.bridgelabz.test.LabelServiceTest@53f65459]" name="afterMethod" is-config="true" duration-ms="1946" started-at="2020-05-20T12:48:21 BST" finished-at="2020-05-20T12:48:23 BST">
          <reporter-output>
          </reporter-output>
        </test-method> <!-- afterMethod -->
      </class> <!-- com.bridgelabz.test.LabelServiceTest -->
    </test> <!-- Default test -->
  </suite> <!-- Default suite -->
</testng-results>
