<?xml version="1.0" encoding="UTF-8"?>
<testng-results skipped="0" failed="0" ignored="0" total="1" passed="1">
  <reporter-output>
  </reporter-output>
  <suite name="Default suite" duration-ms="219149" started-at="2020-05-16T07:38:49 BST" finished-at="2020-05-16T07:42:28 BST">
    <groups>
    </groups>
    <test name="Default test" duration-ms="219149" started-at="2020-05-16T07:38:49 BST" finished-at="2020-05-16T07:42:28 BST">
      <class name="com.bridgelabz.test.DashboardTest">
        <test-method status="PASS" signature="beforeMethod()[pri:0, instance:com.bridgelabz.test.DashboardTest@1e965684]" name="beforeMethod" is-config="true" duration-ms="55854" started-at="2020-05-16T07:38:49 BST" finished-at="2020-05-16T07:39:45 BST">
          <reporter-output>
          </reporter-output>
        </test-method> <!-- beforeMethod -->
        <test-method status="PASS" signature="dashboardTest()[pri:0, instance:com.bridgelabz.test.DashboardTest@1e965684]" name="dashboardTest" duration-ms="116419" started-at="2020-05-16T07:39:45 BST" finished-at="2020-05-16T07:41:42 BST">
          <reporter-output>
          </reporter-output>
        </test-method> <!-- dashboardTest -->
        <test-method status="PASS" signature="afterMethod()[pri:0, instance:com.bridgelabz.test.DashboardTest@1e965684]" name="afterMethod" is-config="true" duration-ms="46390" started-at="2020-05-16T07:41:42 BST" finished-at="2020-05-16T07:42:28 BST">
          <reporter-output>
          </reporter-output>
        </test-method> <!-- afterMethod -->
      </class> <!-- com.bridgelabz.test.DashboardTest -->
    </test> <!-- Default test -->
  </suite> <!-- Default suite -->
</testng-results>
