<?xml version="1.0" encoding="UTF-8"?>
<!-- Generated by org.testng.reporters.JUnitXMLReporter -->
<testsuite hostname="DESKTOP-FFRREGV" ignored="2" name="Default test" tests="1" failures="0" timestamp="2020-05-20T12:48:23 BST" time="74.493" errors="0">
  <testcase name="deleteLabelTest" time="58.953" classname="com.bridgelabz.test.LabelServiceTest"/>
  <testcase name="addLabelTest" time="0.0" classname="com.bridgelabz.test.LabelServiceTest">
    <ignored/>
  </testcase> <!-- addLabelTest -->
  <testcase name="createLabelTest" time="0.0" classname="com.bridgelabz.test.LabelServiceTest">
    <ignored/>
  </testcase> <!-- createLabelTest -->
</testsuite> <!-- Default test -->
