<?xml version="1.0" encoding="UTF-8"?>
<!-- Generated by org.testng.reporters.JUnitXMLReporter -->
<testsuite hostname="DESKTOP-FFRREGV" ignored="0" name="LoginTest" tests="2" failures="1" timestamp="2020-05-09T08:53:05 BST" time="84.986" errors="0">
  <testcase name="loginPage" time="31.545" classname="com.bridgelabz.test.LoginTest"/>
  <testcase name="loginPage" time="28.671" classname="com.bridgelabz.test.LoginTest">
    <failure type="java.lang.AssertionError" message="expected [http://localhost:4200/dashboard] but found [http://localhost:4200/]">
      <![CDATA[java.lang.AssertionError: expected [http://localhost:4200/dashboard] but found [http://localhost:4200/]
at com.bridgelabz.test.LoginTest.loginPage(LoginTest.java:46)
at java.util.ArrayList.forEach(Unknown Source)
... Removed 32 stack frames]]>
    </failure>
  </testcase> <!-- loginPage -->
</testsuite> <!-- LoginTest -->
