<?xml version="1.0" encoding="UTF-8"?>
<!-- Generated by org.testng.reporters.JUnitXMLReporter -->
<testsuite hostname="DESKTOP-FFRREGV" ignored="0" name="RegisterTest" tests="1" failures="1" timestamp="2020-05-09T08:53:54 BST" time="48.677" errors="0">
  <testcase name="registrationPage" time="44.027" classname="com.bridgelabz.test.RegistrationTest">
    <failure type="java.lang.AssertionError" message="expected [http://localhost:4200/login] but found [http://localhost:4200/registration]">
      <![CDATA[java.lang.AssertionError: expected [http://localhost:4200/login] but found [http://localhost:4200/registration]
at com.bridgelabz.test.RegistrationTest.registrationPage(RegistrationTest.java:51)
at java.util.ArrayList.forEach(Unknown Source)
... Removed 32 stack frames]]>
    </failure>
  </testcase> <!-- registrationPage -->
</testsuite> <!-- RegisterTest -->
